12:50:46.397 [main] INFO  com.intuit.karate.Runner - using system property 'karate.options': --tags @debug
12:50:47.369 [main] DEBUG com.intuit.karate.Suite - [config] classpath:karate-config.js
12:50:48.725 [main] INFO  com.intuit.karate - karate.env system property was: null 
12:50:48.738 [main] INFO  com.intuit.karate - >> lock acquired, begin callSingle: classpath:conduitApp/helpers/createToken.feature
12:50:49.363 [main] DEBUG com.intuit.karate - request:
1 > POST https://conduit.productionready.io/api/users/login
1 > Content-Type: application/json; charset=UTF-8
1 > Content-Length: 59
1 > Host: conduit.productionready.io
1 > Connection: Keep-Alive
1 > User-Agent: Apache-HttpClient/4.5.13 (Java/16.0.1)
1 > Accept-Encoding: gzip,deflate
{"user":{"password":"karate123","email":"karate@ytdf.com"}}

12:50:50.327 [main] DEBUG com.intuit.karate - response time in milliseconds: 958
1 < 200
1 < Date: Tue, 08 Jun 2021 11:50:50 GMT
1 < Content-Type: application/json; charset=utf-8
1 < Transfer-Encoding: chunked
1 < Connection: keep-alive
1 < Cache-Control: max-age=0, private, must-revalidate
1 < ETag: W/"89414f427979b4de907248b4101d417e"
1 < Status: 200 OK
1 < Vary: Origin
1 < X-Content-Type-Options: nosniff
1 < X-Frame-Options: SAMEORIGIN
1 < X-Powered-By: Phusion Passenger 4.0.60
1 < X-Request-Id: 225874ee-ada2-4470-9537-d7759a33bb1e
1 < X-Runtime: 0.084067
1 < X-XSS-Protection: 1; mode=block
1 < CF-Cache-Status: DYNAMIC
1 < cf-request-id: 0a8d0f190500000682d1a53000000001
1 < Expect-CT: max-age=604800, report-uri="https://report-uri.cloudflare.com/cdn-cgi/beacon/expect-ct"
1 < Report-To: {"endpoints":[{"url":"https:\/\/a.nel.cloudflare.com\/report\/v2?s=X8H2XNIWaSjB9taeH%2FSYpYHObPgLlhi6ubcY9fjFBhCP4rOnFtLj%2BS9K66%2Bfw2AP8fT05VnHCuh0swbUMuWsGA2GLu31jQFjrzGigfqqqqvKXvlo%2FXe0mUa2Xx7pAJwMwteV%2BB5ivCE%3D"}],"group":"cf-nel","max_age":604800}
1 < NEL: {"report_to":"cf-nel","max_age":604800}
1 < Server: cloudflare
1 < CF-RAY: 65c1e7a1ae910682-LHR
1 < alt-svc: h3-27=":443"; ma=86400, h3-28=":443"; ma=86400, h3-29=":443"; ma=86400, h3=":443"; ma=86400
{"user":{"createdAt":"2021-06-02T12:49:17.247Z","image":null,"bio":null,"id":173499,"email":"karate@ytdf.com","updatedAt":"2021-06-02T12:49:17.260Z","username":"karate_1","token":"eyJ0eXAiOiJKV1QiLCJhbGciOiJIUzI1NiJ9.eyJpZCI6MTczNDk5LCJ1c2VybmFtZSI6ImthcmF0ZV8xIiwiZXhwIjoxNjI4MzM3MDUwfQ.y2RRYtWU2WTG656ha8V9Co4iaatnVeFIg047ikW2mAw"}}
12:50:50.357 [main] INFO  com.intuit.karate - << lock released, cached callSingle: classpath:conduitApp/helpers/createToken.feature
12:50:50.394 [main] DEBUG com.intuit.karate - request:
1 > GET https://conduit.productionready.io/api/tags
1 > Authorization: Token eyJ0eXAiOiJKV1QiLCJhbGciOiJIUzI1NiJ9.eyJpZCI6MTczNDk5LCJ1c2VybmFtZSI6ImthcmF0ZV8xIiwiZXhwIjoxNjI4MzM3MDUwfQ.y2RRYtWU2WTG656ha8V9Co4iaatnVeFIg047ikW2mAw
1 > Host: conduit.productionready.io
1 > Connection: Keep-Alive
1 > User-Agent: Apache-HttpClient/4.5.13 (Java/16.0.1)
1 > Accept-Encoding: gzip,deflate


12:50:51.940 [main] DEBUG com.intuit.karate - response time in milliseconds: 1544
1 < 200
1 < Date: Tue, 08 Jun 2021 11:50:51 GMT
1 < Content-Type: application/json; charset=utf-8
1 < Transfer-Encoding: chunked
1 < Connection: keep-alive
1 < Cache-Control: max-age=0, private, must-revalidate
1 < ETag: W/"f4abc756b99299a48e9c94d735964e40"
1 < Status: 200 OK
1 < Vary: Origin
1 < X-Content-Type-Options: nosniff
1 < X-Frame-Options: SAMEORIGIN
1 < X-Powered-By: Phusion Passenger 4.0.60
1 < X-Request-Id: 972129d6-f6fd-4736-b4d3-a2e5d3f4e216
1 < X-Runtime: 0.987597
1 < X-XSS-Protection: 1; mode=block
1 < CF-Cache-Status: DYNAMIC
1 < cf-request-id: 0a8d0f1bad000053d48b1d1000000001
1 < Expect-CT: max-age=604800, report-uri="https://report-uri.cloudflare.com/cdn-cgi/beacon/expect-ct"
1 < Report-To: {"endpoints":[{"url":"https:\/\/a.nel.cloudflare.com\/report\/v2?s=z2I35Q88twA%2Fgl3SmChyuEDYqGrI095O%2BwWWNxFQOXbTulV3pWvDVdpKdbD2lFL3wAhT04KmF2bHIi8NE25Dq6RNQZHE9jvcDH6gyLWoFdbt3Rbd5PeOLINE2krMyC48%2BZkmFwYjLkM%3D"}],"group":"cf-nel","max_age":604800}
1 < NEL: {"report_to":"cf-nel","max_age":604800}
1 < Server: cloudflare
1 < CF-RAY: 65c1e7a5ed7d53d4-LHR
1 < alt-svc: h3-27=":443"; ma=86400, h3-28=":443"; ma=86400, h3-29=":443"; ma=86400, h3=":443"; ma=86400
{"tags":["\u200C","\u200C\u200C","\u200C\u200C\u200C","\u200C\u200C\u200C\u200C","\u200C\u200C\u200C\u200C\u200C\u200C\u200C","\u200C\u200C\u200C\u200C\u200C\u200C\u200C\u200C","\u200C\u200C\u200C\u200C\u200C","\u200C\u200C\u200C\u200C\u200C\u200C\u200C\u200C\u200C\u200C\u200C","\u200C\u200C\u200C\u200C\u200C\u200C\u200C\u200C\u200C\u200C","\u200C\u200C\u200C\u200C\u200C\u200C","HuManIty","Hu\u200CMan\u200CIty","Gandhi","HITLER","SIDA","BlackLivesMatter","Black\u200CLives\u200CMatter","test","dragons","butt"]}
12:50:52.005 [main] INFO  com.intuit.karate - karate.env system property was: null 
12:50:52.054 [main] DEBUG com.intuit.karate - request:
1 > GET https://conduit.productionready.io/api/articles?offset=0&limit=10
1 > Authorization: Token eyJ0eXAiOiJKV1QiLCJhbGciOiJIUzI1NiJ9.eyJpZCI6MTczNDk5LCJ1c2VybmFtZSI6ImthcmF0ZV8xIiwiZXhwIjoxNjI4MzM3MDUwfQ.y2RRYtWU2WTG656ha8V9Co4iaatnVeFIg047ikW2mAw
1 > Host: conduit.productionready.io
1 > Connection: Keep-Alive
1 > User-Agent: Apache-HttpClient/4.5.13 (Java/16.0.1)
1 > Accept-Encoding: gzip,deflate


12:50:53.377 [main] DEBUG com.intuit.karate - response time in milliseconds: 1319
1 < 200
1 < Date: Tue, 08 Jun 2021 11:50:53 GMT
1 < Content-Type: application/json; charset=utf-8
1 < Transfer-Encoding: chunked
1 < Connection: keep-alive
1 < Cache-Control: max-age=0, private, must-revalidate
1 < ETag: W/"c0b0c58774d8348583865ee941581e45"
1 < Status: 200 OK
1 < Vary: Origin
1 < X-Content-Type-Options: nosniff
1 < X-Frame-Options: SAMEORIGIN
1 < X-Powered-By: Phusion Passenger 4.0.60
1 < X-Request-Id: c8936e7b-14d2-4723-be92-fb618ae1e5ea
1 < X-Runtime: 0.603591
1 < X-XSS-Protection: 1; mode=block
1 < CF-Cache-Status: DYNAMIC
1 < cf-request-id: 0a8d0f22d00000f40fc19c5000000001
1 < Expect-CT: max-age=604800, report-uri="https://report-uri.cloudflare.com/cdn-cgi/beacon/expect-ct"
1 < Report-To: {"endpoints":[{"url":"https:\/\/a.nel.cloudflare.com\/report\/v2?s=yIJZZWwUzo7WZqMQYK4B2IBxUOYYuCDAz4Fae2We2X8NkQJXcnqj0thVlXhAepF8aPB524fG1exPcN%2Bjp1FNX8E5xKuHpHBlqYIdyQmr3%2FO104Jm%2FRjsJDfx0Xs0nq5MWBYihfF29eQ%3D"}],"group":"cf-nel","max_age":604800}
1 < NEL: {"report_to":"cf-nel","max_age":604800}
1 < Server: cloudflare
1 < CF-RAY: 65c1e7b14a12f40f-LHR
1 < alt-svc: h3-27=":443"; ma=86400, h3-28=":443"; ma=86400, h3-29=":443"; ma=86400, h3=":443"; ma=86400
{"articlesCount":500,"articles":[{"tagList":[],"createdAt":"2021-06-08T11:48:35.710Z","author":{"image":"https:\/\/static.productionready.io\/images\/smiley-cyrus.jpg","following":false,"bio":null,"username":"slava0271990"},"description":"Nothing","title":"SlavaPost","body":"Bla-bla-bla","favoritesCount":0,"slug":"slavapost-m3oh0b","updatedAt":"2021-06-08T11:48:35.710Z","favorited":false},{"tagList":["test"],"createdAt":"2021-06-08T11:37:32.374Z","author":{"image":"https:\/\/static.productionready.io\/images\/smiley-cyrus.jpg","following":false,"bio":null,"username":"richirin"},"description":"ini test","title":"Walter14","body":"ini tes","favoritesCount":0,"slug":"walter14-x59zno","updatedAt":"2021-06-08T11:37:32.374Z","favorited":false},{"tagList":[],"createdAt":"2021-06-08T11:35:05.960Z","author":{"image":"https:\/\/static.productionready.io\/images\/smiley-cyrus.jpg","following":false,"bio":null,"username":"karate_1"},"description":"details","title":"title","body":"test test test","favoritesCount":0,"slug":"title-uv82gf","updatedAt":"2021-06-08T11:35:05.960Z","favorited":false},{"tagList":[],"createdAt":"2021-06-08T11:29:39.276Z","author":{"image":"https:\/\/static.productionready.io\/images\/smiley-cyrus.jpg","following":false,"bio":null,"username":"khrystyna"},"description":"Test about my","title":"Test mt","body":"Test Wtite","favoritesCount":0,"slug":"test-mt-hohtg9","updatedAt":"2021-06-08T11:29:39.276Z","favorited":false},{"tagList":[],"createdAt":"2021-06-08T11:18:10.925Z","author":{"image":"https:\/\/static.productionready.io\/images\/smiley-cyrus.jpg","following":false,"bio":null,"username":"karate_1"},"description":"details","title":"title","body":"test test test","favoritesCount":0,"slug":"title-m7b4ro","updatedAt":"2021-06-08T11:18:10.925Z","favorited":false},{"tagList":[],"createdAt":"2021-06-08T11:05:29.173Z","author":{"image":"https:\/\/static.productionready.io\/images\/smiley-cyrus.jpg","following":false,"bio":null,"username":"karate_1"},"description":"details","title":"title","body":"test test test","favoritesCount":1,"slug":"title-ux6qrb","updatedAt":"2021-06-08T11:05:29.173Z","favorited":false},{"tagList":[],"createdAt":"2021-06-08T10:58:58.508Z","author":{"image":"https:\/\/static.productionready.io\/images\/smiley-cyrus.jpg","following":false,"bio":null,"username":"karate_1"},"description":"details","title":"title","body":"test test test","favoritesCount":1,"slug":"title-pth0ov","updatedAt":"2021-06-08T10:58:58.508Z","favorited":false},{"tagList":[],"createdAt":"2021-06-08T10:53:25.076Z","author":{"image":"https:\/\/static.productionready.io\/images\/smiley-cyrus.jpg","following":false,"bio":null,"username":"karate_1"},"description":"details","title":"title","body":"test test test","favoritesCount":0,"slug":"title-ra253n","updatedAt":"2021-06-08T10:53:25.076Z","favorited":false},{"tagList":[],"createdAt":"2021-06-08T10:51:52.122Z","author":{"image":"https:\/\/static.productionready.io\/images\/smiley-cyrus.jpg","following":false,"bio":null,"username":"karate_1"},"description":"details","title":"title","body":"test test test","favoritesCount":0,"slug":"title-67xh4u","updatedAt":"2021-06-08T10:51:52.122Z","favorited":false},{"tagList":[],"createdAt":"2021-06-08T10:41:53.180Z","author":{"image":"https:\/\/static.productionready.io\/images\/smiley-cyrus.jpg","following":false,"bio":null,"username":"Rheeda"},"description":"Test boo","title":"Test","body":"Test 2","favoritesCount":1,"slug":"test-l6s8rk","updatedAt":"2021-06-08T10:41:53.180Z","favorited":false}]}
12:50:54.584 [main] INFO  com.intuit.karate.Suite - <<pass>> feature 2 of 3 (0 remaining) classpath:conduitApp/feature/HomePage.feature
12:50:54.589 [main] DEBUG com.intuit.karate.Suite - waiting for 3 features to complete
10:27:01.371 [main] DEBUG com.intuit.karate.Suite - [config] classpath:karate-config.js
10:27:01.432 [main] INFO  com.intuit.karate.Suite - backed up existing 'target\karate-reports' dir to: target\karate-reports_1623317221431
10:27:03.180 [main] DEBUG com.intuit.karate.Suite - waiting for 3 features to complete
10:30:42.552 [main] DEBUG com.intuit.karate.Suite - [config] classpath:karate-config.js
10:30:43.868 [main] DEBUG com.intuit.karate.Suite - waiting for 3 features to complete
